2020-08-08 22:30:17,249 INFO o.a.j.u.JMeterUtils: Setting Locale to zh_CN
2020-08-08 22:30:17,269 INFO o.a.j.JMeter: Loading user properties from: /Users/wangwanru/SoftWare/apache-jmeter-5.0/bin/user.properties
2020-08-08 22:30:17,271 INFO o.a.j.JMeter: Loading system properties from: /Users/wangwanru/SoftWare/apache-jmeter-5.0/bin/system.properties
2020-08-08 22:30:17,275 INFO o.a.j.JMeter: Copyright (c) 1998-2018 The Apache Software Foundation
2020-08-08 22:30:17,275 INFO o.a.j.JMeter: Version 5.0 r1840935
2020-08-08 22:30:17,275 INFO o.a.j.JMeter: java.version=1.8.0_251
2020-08-08 22:30:17,275 INFO o.a.j.JMeter: java.vm.name=Java HotSpot(TM) 64-Bit Server VM
2020-08-08 22:30:17,275 INFO o.a.j.JMeter: os.name=Mac OS X
2020-08-08 22:30:17,275 INFO o.a.j.JMeter: os.arch=x86_64
2020-08-08 22:30:17,275 INFO o.a.j.JMeter: os.version=10.15.5
2020-08-08 22:30:17,275 INFO o.a.j.JMeter: file.encoding=UTF-8
2020-08-08 22:30:17,275 INFO o.a.j.JMeter: Max memory     =1073741824
2020-08-08 22:30:17,275 INFO o.a.j.JMeter: Available Processors =12
2020-08-08 22:30:17,278 INFO o.a.j.JMeter: Default Locale=English (EN)
2020-08-08 22:30:17,278 INFO o.a.j.JMeter: JMeter  Locale=Chinese (China)
2020-08-08 22:30:17,278 INFO o.a.j.JMeter: JMeterHome=/Users/wangwanru/SoftWare/apache-jmeter-5.0
2020-08-08 22:30:17,278 INFO o.a.j.JMeter: user.dir  =/Users/wangwanru/JavaProject/jmeterProject/Jmeter-IdCard/classes/artifacts/idcard
2020-08-08 22:30:17,278 INFO o.a.j.JMeter: PWD       =/Users/wangwanru/JavaProject/jmeterProject/Jmeter-IdCard/classes/artifacts/idcard
2020-08-08 22:30:17,280 INFO o.a.j.JMeter: IP: 127.0.0.1 Name: MacBook-Pro.local FullName: localhost
2020-08-08 22:30:18,655 INFO o.a.j.g.a.LookAndFeelCommand: Installing Darcula LAF
2020-08-08 22:30:18,665 INFO o.a.j.g.a.LookAndFeelCommand: Using look and feel: com.bulenkov.darcula.DarculaLaf [Darcula]
2020-08-08 22:30:18,665 INFO o.a.j.JMeter: Setting LAF to: com.bulenkov.darcula.DarculaLaf
2020-08-08 22:30:18,715 INFO o.a.j.JMeter: Loaded icon properties from org/apache/jmeter/images/icon.properties
2020-08-08 22:30:19,144 INFO o.a.j.e.u.CompoundVariable: Note: Function class names must contain the string: '.functions.'
2020-08-08 22:30:19,144 INFO o.a.j.e.u.CompoundVariable: Note: Function class names must not contain the string: '.gui.'
2020-08-08 22:30:20,367 INFO o.a.j.p.h.s.HTTPSamplerBase: Parser for text/html is org.apache.jmeter.protocol.http.parser.LagartoBasedHtmlParser
2020-08-08 22:30:20,367 INFO o.a.j.p.h.s.HTTPSamplerBase: Parser for application/xhtml+xml is org.apache.jmeter.protocol.http.parser.LagartoBasedHtmlParser
2020-08-08 22:30:20,367 INFO o.a.j.p.h.s.HTTPSamplerBase: Parser for application/xml is org.apache.jmeter.protocol.http.parser.LagartoBasedHtmlParser
2020-08-08 22:30:20,367 INFO o.a.j.p.h.s.HTTPSamplerBase: Parser for text/xml is org.apache.jmeter.protocol.http.parser.LagartoBasedHtmlParser
2020-08-08 22:30:20,368 INFO o.a.j.p.h.s.HTTPSamplerBase: Parser for text/vnd.wap.wml is org.apache.jmeter.protocol.http.parser.RegexpHTMLParser
2020-08-08 22:30:20,368 INFO o.a.j.p.h.s.HTTPSamplerBase: Parser for text/css is org.apache.jmeter.protocol.http.parser.CssParser
2020-08-08 22:30:20,620 INFO o.a.j.e.KeyToolUtils: keytool found at 'keytool'
2020-08-08 22:30:20,621 INFO o.a.j.p.h.p.ProxyControl: HTTP(S) Test Script Recorder SSL Proxy will use keys that support embedded 3rd party resources in file /Users/wangwanru/SoftWare/apache-jmeter-5.0/bin/proxyserver.jks
2020-08-08 22:30:20,728 INFO o.a.j.s.FileServer: Default base='/Users/wangwanru/JavaProject/jmeterProject/Jmeter-IdCard/classes/artifacts/idcard'
2020-08-08 22:30:20,969 INFO o.a.j.s.SampleResult: Note: Sample TimeStamps are START times
2020-08-08 22:30:20,969 INFO o.a.j.s.SampleResult: sampleresult.default.encoding is set to ISO-8859-1
2020-08-08 22:30:20,969 INFO o.a.j.s.SampleResult: sampleresult.useNanoTime=true
2020-08-08 22:30:20,969 INFO o.a.j.s.SampleResult: sampleresult.nanoThreadSleep=5000
2020-08-08 22:30:46,824 INFO o.a.j.g.a.Load: Loading file: /Users/wangwanru/Jmeter/Script/HelloSpringMVC.jmx
2020-08-08 22:30:46,824 INFO o.a.j.s.FileServer: Set new base='/Users/wangwanru/Jmeter/Script'
2020-08-08 22:30:46,920 INFO o.a.j.s.SaveService: Testplan (JMX) version: 2.2. Testlog (JTL) version: 2.2
2020-08-08 22:30:46,931 INFO o.a.j.s.SaveService: Using SaveService properties file encoding UTF-8
2020-08-08 22:30:46,933 INFO o.a.j.s.SaveService: Using SaveService properties version 5.0
2020-08-08 22:30:46,935 INFO o.a.j.s.SaveService: Loading file: /Users/wangwanru/Jmeter/Script/HelloSpringMVC.jmx
2020-08-08 22:30:47,128 INFO o.a.j.s.FileServer: Set new base='/Users/wangwanru/Jmeter/Script'
2020-08-08 22:54:18,861 INFO o.a.j.e.StandardJMeterEngine: Running the test!
2020-08-08 22:54:18,862 INFO o.a.j.s.SampleEvent: List of sample_variables: []
2020-08-08 22:54:18,862 INFO o.a.j.s.SampleEvent: List of sample_variables: []
2020-08-08 22:54:18,864 INFO o.a.j.p.j.t.JavaTest: Created class: addition.OutPutIdCard. Uses tearDownTest: true
2020-08-08 22:54:18,864 INFO o.a.j.g.u.JMeterMenuBar: setRunning(true, *local*)
2020-08-08 22:54:19,024 INFO o.a.j.e.StandardJMeterEngine: Starting ThreadGroup: 1 : java请求
2020-08-08 22:54:19,024 INFO o.a.j.e.StandardJMeterEngine: Starting 1 threads for group java请求.
2020-08-08 22:54:19,025 INFO o.a.j.e.StandardJMeterEngine: Thread will continue on error
2020-08-08 22:54:19,025 INFO o.a.j.t.ThreadGroup: Starting thread group... number=1 threads=1 ramp-up=1 perThread=1000.0 delayedStart=false
2020-08-08 22:54:19,029 INFO o.a.j.t.ThreadGroup: Started thread group number 1
2020-08-08 22:54:19,029 INFO o.a.j.e.StandardJMeterEngine: All thread groups have been started
2020-08-08 22:54:19,030 INFO o.a.j.t.JMeterThread: Thread started: java请求 1-1
2020-08-08 22:54:19,045 INFO o.a.j.t.JMeterThread: Thread is done: java请求 1-1
2020-08-08 22:54:19,045 INFO o.a.j.t.JMeterThread: Thread finished: java请求 1-1
2020-08-08 22:54:19,045 INFO o.a.j.e.StandardJMeterEngine: Notifying test listeners of end of test
2020-08-08 22:54:19,045 INFO o.a.j.g.u.JMeterMenuBar: setRunning(false, *local*)
